执行日期：2016-12-13-20：%M：%S
【接收到的notify通知】:
<xml><appid><![CDATA[wxf4a794ac7caecb3c]]></appid>
<bank_type><![CDATA[CFT]]></bank_type>
<cash_fee><![CDATA[1]]></cash_fee>
<fee_type><![CDATA[CNY]]></fee_type>
<is_subscribe><![CDATA[Y]]></is_subscribe>
<mch_id><![CDATA[1411231202]]></mch_id>
<nonce_str><![CDATA[aga31ypz6lurkeo52beb5yku8bg6ja6g]]></nonce_str>
<openid><![CDATA[ot84OwzkYaFcyGVedvyaMQ59PxLs]]></openid>
<out_trade_no><![CDATA[1481633814]]></out_trade_no>
<result_code><![CDATA[SUCCESS]]></result_code>
<return_code><![CDATA[SUCCESS]]></return_code>
<sign><![CDATA[5C8260F9F7E86844163A345B8EF16C0B]]></sign>
<time_end><![CDATA[20161213205715]]></time_end>
<total_fee>1</total_fee>
<trade_type><![CDATA[NATIVE]]></trade_type>
<transaction_id><![CDATA[4004522001201612132703835318]]></transaction_id>
</xml>


执行日期：2016-12-14-11：%M：%S
【接收到的notify通知】:
<xml><appid><![CDATA[wxf4a794ac7caecb3c]]></appid>
<bank_type><![CDATA[CFT]]></bank_type>
<cash_fee><![CDATA[1]]></cash_fee>
<fee_type><![CDATA[CNY]]></fee_type>
<is_subscribe><![CDATA[Y]]></is_subscribe>
<mch_id><![CDATA[1411231202]]></mch_id>
<nonce_str><![CDATA[eak92y2jdcp9lsolxlad2fcdskdi6l68]]></nonce_str>
<openid><![CDATA[ot84OwzkYaFcyGVedvyaMQ59PxLs]]></openid>
<out_trade_no><![CDATA[1481684392]]></out_trade_no>
<result_code><![CDATA[SUCCESS]]></result_code>
<return_code><![CDATA[SUCCESS]]></return_code>
<sign><![CDATA[9E44D1CF28AD4A7010CF5E494BDEC5E2]]></sign>
<time_end><![CDATA[20161214110004]]></time_end>
<total_fee>1</total_fee>
<trade_type><![CDATA[JSAPI]]></trade_type>
<transaction_id><![CDATA[4004522001201612142744599206]]></transaction_id>
</xml>


执行日期：2016-12-14-11：%M：%S
【接收到的notify通知】:
<xml><appid><![CDATA[wxf4a794ac7caecb3c]]></appid>
<bank_type><![CDATA[CFT]]></bank_type>
<cash_fee><![CDATA[1]]></cash_fee>
<fee_type><![CDATA[CNY]]></fee_type>
<is_subscribe><![CDATA[Y]]></is_subscribe>
<mch_id><![CDATA[1411231202]]></mch_id>
<nonce_str><![CDATA[dcec6373nadt8bxa854ur44ywze4rp92]]></nonce_str>
<openid><![CDATA[ot84OwzkYaFcyGVedvyaMQ59PxLs]]></openid>
<out_trade_no><![CDATA[1481684589]]></out_trade_no>
<result_code><![CDATA[SUCCESS]]></result_code>
<return_code><![CDATA[SUCCESS]]></return_code>
<sign><![CDATA[8244ACC5EE2794968A32DD2EE59E6474]]></sign>
<time_end><![CDATA[20161214110319]]></time_end>
<total_fee>1</total_fee>
<trade_type><![CDATA[JSAPI]]></trade_type>
<transaction_id><![CDATA[4004522001201612142744739223]]></transaction_id>
</xml>


